12.11.2018 17:05:48	This log contains information about the import schema operation into project 'Database1' on computer 'DESKTOP-PFLGU3I' by user 'Igor'.
12.11.2018 17:05:48	Import of database schema has started.
12.11.2018 17:06:33	Gathering database credentials
12.11.2018 17:06:33	Gathering database options
12.11.2018 17:06:33	Gathering generic database scoped configuration option
12.11.2018 17:06:33	Gathering users
12.11.2018 17:06:33	Gathering roles
12.11.2018 17:06:33	Gathering application roles
12.11.2018 17:06:33	Gathering role memberships
12.11.2018 17:06:33	Gathering filegroups
12.11.2018 17:06:33	Gathering full-text catalogs
12.11.2018 17:06:33	Gathering assemblies
12.11.2018 17:06:33	Gathering certificates
12.11.2018 17:06:33	Gathering asymmetric keys
12.11.2018 17:06:33	Gathering symmetric keys
12.11.2018 17:06:33	Gathering encrypted symmetric keys
12.11.2018 17:06:33	Gathering schemas
12.11.2018 17:06:33	Gathering XML schema collections
12.11.2018 17:06:33	Gathering user-defined data types
12.11.2018 17:06:33	Gathering user-defined types
12.11.2018 17:06:33	Gathering table types
12.11.2018 17:06:33	Gathering unique keys for table types
12.11.2018 17:06:33	Gathering primary keys for table types
12.11.2018 17:06:33	Gathering indexes for table types
12.11.2018 17:06:34	Gathering check constraints for table types
12.11.2018 17:06:34	Gathering default constraints for table types
12.11.2018 17:06:34	Gathering partition functions
12.11.2018 17:06:34	Gathering partition schemes
12.11.2018 17:06:34	Gathering functions
12.11.2018 17:06:34	Gathering encrypted functions
12.11.2018 17:06:34	Gathering aggregates
12.11.2018 17:06:34	Gathering procedures
12.11.2018 17:06:34	Gathering encrypted procedures
12.11.2018 17:06:34	Gathering tables
12.11.2018 17:06:34	Gathering primary keys
12.11.2018 17:06:34	Gathering unique constraints
12.11.2018 17:06:34	Gathering foreign keys
12.11.2018 17:06:34	Gathering default constraints
12.11.2018 17:06:34	Gathering check constraints
12.11.2018 17:06:34	Gathering views
12.11.2018 17:06:35	Gathering encrypted views
12.11.2018 17:06:35	Gathering indexes
12.11.2018 17:06:35	Gathering statistics
12.11.2018 17:06:35	Gathering full-text index stoplists
12.11.2018 17:06:35	Gathering search property lists
12.11.2018 17:06:35	Gathering search properties
12.11.2018 17:06:35	Gathering full-text indexes
12.11.2018 17:06:35	Gathering column store indexes
12.11.2018 17:06:35	Gathering spatial indexes
12.11.2018 17:06:35	Gathering XML indexes
12.11.2018 17:06:35	Gathering Selective XML indexes
12.11.2018 17:06:36	Gathering encrypted triggers
12.11.2018 17:06:36	Gathering triggers
12.11.2018 17:06:36	Gathering encrypted and clr ddl triggers
12.11.2018 17:06:36	Gathering ddl triggers
12.11.2018 17:06:36	Gathering synonyms
12.11.2018 17:06:36	Gathering defaults
12.11.2018 17:06:36	Gathering data constraint uddt bindings
12.11.2018 17:06:36	Gathering rules
12.11.2018 17:06:36	Gathering data constraint uddt bindings
12.11.2018 17:06:36	Gathering message types
12.11.2018 17:06:36	Gathering queues
12.11.2018 17:06:36	Gathering contracts
12.11.2018 17:06:36	Gathering services
12.11.2018 17:06:36	Gathering event notifications
12.11.2018 17:06:36	Gathering remote service bindings
12.11.2018 17:06:36	Gathering broker priorities
12.11.2018 17:06:36	Gathering signatures
12.11.2018 17:06:36	Gathering data compression options
12.11.2018 17:06:36	Gathering sequence types
12.11.2018 17:06:36	Gathering security policies
12.11.2018 17:06:36	Gather column encryption keys
12.11.2018 17:06:36	Gathering column master keys
12.11.2018 17:06:36	Gathering external data sources
12.11.2018 17:06:37	Gathering external file formats
12.11.2018 17:06:37	Gathering external tables
12.11.2018 17:06:37	Gathering extended properties
12.11.2018 17:06:37	Gathering credentials
12.11.2018 17:06:37	Gathering logins
12.11.2018 17:06:38	Gathering server audits
12.11.2018 17:06:42	Scanning project for duplicate elements
12.11.2018 17:06:42	Finished duplicate element processing
12.11.2018 17:06:43	Finished importing database.
12.11.2018 17:06:43	A summary of the import was saved to the following location: E:\Eleks\Lecture8\Database1\Database1\Import Schema Logs\Database1_20181112030548.log
12.11.2018 17:06:43	Click Finish to continue...
