11.11.2018 15:44:42	This log contains information about the import schema operation into project 'Database1' on computer 'DESKTOP-PFLGU3I' by user 'Igor'.
11.11.2018 15:44:43	Import of database schema has started.
11.11.2018 15:44:59	Gathering error messages
11.11.2018 15:44:59	Gathering cryptographic providers
11.11.2018 15:44:59	Gathering credentials
11.11.2018 15:44:59	Gathering logins
11.11.2018 15:44:59	Gathering server roles
11.11.2018 15:44:59	Gathering server role memberships
11.11.2018 15:44:59	Gathering linked servers
11.11.2018 15:44:59	Gathering linked server logins
11.11.2018 15:44:59	Gathering routes
11.11.2018 15:44:59	Gathering ddl triggers
11.11.2018 15:44:59	Gathering encrypted and clr ddl triggers
11.11.2018 15:44:59	Gathering event notifications
11.11.2018 15:44:59	Gathering server audits
11.11.2018 15:44:59	Gathering server audit specifications
11.11.2018 15:44:59	Gathering event notifications
11.11.2018 15:45:20	Gathering database credentials
11.11.2018 15:45:20	Gathering database options
11.11.2018 15:45:20	Gathering generic database scoped configuration option
11.11.2018 15:45:20	Gathering users
11.11.2018 15:45:20	Gathering roles
11.11.2018 15:45:20	Gathering application roles
11.11.2018 15:45:20	Gathering role memberships
11.11.2018 15:45:20	Gathering filegroups
11.11.2018 15:45:20	Gathering files
11.11.2018 15:45:20	Gathering full-text catalogs
11.11.2018 15:45:20	Gathering assemblies
11.11.2018 15:45:20	Gathering certificates
11.11.2018 15:45:20	Gathering asymmetric keys
11.11.2018 15:45:20	Gathering symmetric keys
11.11.2018 15:45:20	Gathering encrypted symmetric keys
11.11.2018 15:45:20	Gathering database encryption keys
11.11.2018 15:45:20	Gathering schemas
11.11.2018 15:45:20	Gathering XML schema collections
11.11.2018 15:45:20	Gathering user-defined data types
11.11.2018 15:45:20	Gathering user-defined types
11.11.2018 15:45:20	Gathering table types
11.11.2018 15:45:20	Gathering unique keys for table types
11.11.2018 15:45:20	Gathering primary keys for table types
11.11.2018 15:45:20	Gathering indexes for table types
11.11.2018 15:45:20	Gathering check constraints for table types
11.11.2018 15:45:20	Gathering default constraints for table types
11.11.2018 15:45:20	Gathering partition functions
11.11.2018 15:45:20	Gathering partition schemes
11.11.2018 15:45:20	Gathering functions
11.11.2018 15:45:20	Gathering encrypted functions
11.11.2018 15:45:20	Gathering aggregates
11.11.2018 15:45:20	Gathering procedures
11.11.2018 15:45:20	Gathering encrypted procedures
11.11.2018 15:45:20	Gathering tables
11.11.2018 15:45:20	Gathering primary keys
11.11.2018 15:45:20	Gathering unique constraints
11.11.2018 15:45:20	Gathering foreign keys
11.11.2018 15:45:20	Gathering default constraints
11.11.2018 15:45:20	Gathering check constraints
11.11.2018 15:45:20	Gathering views
11.11.2018 15:45:20	Gathering encrypted views
11.11.2018 15:45:20	Gathering indexes
11.11.2018 15:45:20	Gathering statistics
11.11.2018 15:45:20	Gathering full-text index stoplists
11.11.2018 15:45:20	Gathering search property lists
11.11.2018 15:45:20	Gathering search properties
11.11.2018 15:45:20	Gathering full-text indexes
11.11.2018 15:45:20	Gathering column store indexes
11.11.2018 15:45:20	Gathering spatial indexes
11.11.2018 15:45:21	Gathering XML indexes
11.11.2018 15:45:21	Gathering Selective XML indexes
11.11.2018 15:45:21	Gathering encrypted triggers
11.11.2018 15:45:21	Gathering triggers
11.11.2018 15:45:21	Gathering encrypted and clr ddl triggers
11.11.2018 15:45:21	Gathering ddl triggers
11.11.2018 15:45:21	Gathering synonyms
11.11.2018 15:45:21	Gathering defaults
11.11.2018 15:45:21	Gathering data constraint uddt bindings
11.11.2018 15:45:21	Gathering rules
11.11.2018 15:45:21	Gathering data constraint uddt bindings
11.11.2018 15:45:21	Gathering message types
11.11.2018 15:45:21	Gathering queues
11.11.2018 15:45:21	Gathering contracts
11.11.2018 15:45:21	Gathering services
11.11.2018 15:45:21	Gathering routes
11.11.2018 15:45:21	Gathering event notifications
11.11.2018 15:45:21	Gathering remote service bindings
11.11.2018 15:45:21	Gathering broker priorities
11.11.2018 15:45:21	Gathering database audit specifications
11.11.2018 15:45:21	Gathering signatures
11.11.2018 15:45:21	Gathering data compression options
11.11.2018 15:45:21	Gathering sequence types
11.11.2018 15:45:21	Gathering security policies
11.11.2018 15:45:21	Gather column encryption keys
11.11.2018 15:45:21	Gathering column master keys
11.11.2018 15:45:21	Gathering external data sources
11.11.2018 15:45:21	Gathering external file formats
11.11.2018 15:45:21	Gathering external tables
11.11.2018 15:45:21	Gathering extended properties
11.11.2018 15:45:24	Scanning project for duplicate elements
11.11.2018 15:45:25	Finished duplicate element processing
11.11.2018 15:45:26	Finished importing database.
11.11.2018 15:45:26	A summary of the import was saved to the following location: E:\Eleks\Lecture8\Database1\Database1\Import Schema Logs\Database1_20181111014442.log
11.11.2018 15:45:26	Click Finish to continue...
